<?xml version="1.0" encoding="utf-8"?><testsuites name="pytest tests"><testsuite name="pytest" errors="0" failures="0" skipped="0" tests="41" time="1.187" timestamp="2026-09-01T14:53:51.813134+00:00" hostname="agent-env-c83d22ac-dd9e-4d4e-bdce-33b50f5719e5"><testcase classname="tests.test_admissions_phase4.TestPublicAdmission" name="test_missing_required_fields_422" time="0.004" /><testcase classname="tests.test_admissions_phase4.TestPublicAdmission" name="test_nonexistent_course_422" time="0.002" /><testcase classname="tests.test_admissions_phase4.TestPublicAdmission" name="test_institution_not_offering_course_422" time="0.096" /><testcase classname="tests.test_admissions_phase4.TestPublicAdmission" name="test_session_mismatch_422" time="0.021" /><testcase classname="tests.test_admissions_phase4.TestPublicAdmission" name="test_successful_submission_and_number_format" time="0.007" /><testcase classname="tests.test_admissions_phase4.TestPublicAdmission" name="test_duplicate_same_email_course_session_409" time="0.006" /><testcase classname="tests.test_admissions_phase4.TestPublicAdmission" name="test_same_email_diff_session_allowed" time="0.008" /><testcase classname="tests.test_admissions_phase4.TestReviewWorkflow" name="test_invalid_action_422" time="0.088" /><testcase classname="tests.test_admissions_phase4.TestReviewWorkflow" name="test_start_review_and_approve" time="0.011" /><testcase classname="tests.test_admissions_phase4.TestReviewWorkflow" name="test_reject_and_cannot_reject_again_409" time="0.009" /><testcase classname="tests.test_admissions_phase4.TestReviewWorkflow" name="test_cancel_from_approved" time="0.011" /><testcase classname="tests.test_admissions_phase4.TestReviewWorkflow" name="test_list_and_filter" time="0.002" /><testcase classname="tests.test_admissions_phase4.TestReviewWorkflow" name="test_show" time="0.007" /><testcase classname="tests.test_admissions_phase4.TestEnrollment" name="test_enroll_before_approval_409" time="0.006" /><testcase classname="tests.test_admissions_phase4.TestEnrollment" name="test_successful_enroll_creates_student_user_enrollment" time="0.141" /><testcase classname="tests.test_admissions_phase4.TestEnrollment" name="test_dedup_same_email_reuses_student" time="0.100" /><testcase classname="tests.test_admissions_phase4.TestEnrollment" name="test_enroll_requires_session_id_when_admission_has_none" time="0.077" /><testcase classname="tests.test_admissions_phase4.TestStudentSelfService" name="test_me_student" time="0.165" /><testcase classname="tests.test_admissions_phase4.TestStudentSelfService" name="test_me_enrollments" time="0.002" /><testcase classname="tests.test_admissions_phase4.TestStudentSelfService" name="test_me_documents_empty" time="0.002" /><testcase classname="tests.test_admissions_phase4.TestStudentSelfService" name="test_me_document_upload_and_disk" time="0.005" /><testcase classname="tests.test_admissions_phase4.TestStudentSelfService" name="test_upload_rejects_txt" time="0.003" /><testcase classname="tests.test_admissions_phase4.TestStudentSelfService" name="test_upload_invalid_doc_type" time="0.003" /><testcase classname="tests.test_admissions_phase4.TestStudentSelfService" name="test_me_upload_missing_csrf_403" time="0.002" /><testcase classname="tests.test_admissions_phase4.TestStudentSelfService" name="test_student_test_acct_no_student_link_403" time="0.088" /><testcase classname="tests.test_admissions_phase4.TestStudentSelfService" name="test_student_cannot_access_staff_endpoints" time="0.007" /><testcase classname="tests.test_admissions_phase4.TestStaffMgmt" name="test_list_students" time="0.002" /><testcase classname="tests.test_admissions_phase4.TestStaffMgmt" name="test_search_students" time="0.002" /><testcase classname="tests.test_admissions_phase4.TestStaffMgmt" name="test_show_student_nested" time="0.002" /><testcase classname="tests.test_admissions_phase4.TestStaffMgmt" name="test_update_student" time="0.004" /><testcase classname="tests.test_admissions_phase4.TestStaffMgmt" name="test_list_enrollments_filter" time="0.002" /><testcase classname="tests.test_admissions_phase4.TestStaffMgmt" name="test_update_enrollment_invalid_status" time="0.004" /><testcase classname="tests.test_admissions_phase4.TestStaffMgmt" name="test_update_enrollment_valid_status" time="0.005" /><testcase classname="tests.test_admissions_phase4.TestCSRF" name="test_review_missing_csrf" time="0.008" /><testcase classname="tests.test_admissions_phase4.TestCSRF" name="test_update_student_missing_csrf" time="0.002" /><testcase classname="tests.test_admissions_phase4.TestAudit" name="test_admission_audit_actions_present" time="0.010" /><testcase classname="tests.test_admissions_phase4.TestAudit" name="test_admission_submitted_user_id_null" time="0.010" /><testcase classname="tests.test_admissions_phase4.TestRegressionSmoke" name="test_login_logout" time="0.086" /><testcase classname="tests.test_admissions_phase4.TestRegressionSmoke" name="test_institutions_list_still_works" time="0.002" /><testcase classname="tests.test_admissions_phase4.TestRegressionSmoke" name="test_courses_list_still_works" time="0.002" /><testcase classname="tests.test_admissions_phase4.TestRegressionSmoke" name="test_sessions_still_work" time="0.066" /></testsuite></testsuites>