<?xml version="1.0" encoding="utf-8"?><testsuites name="pytest tests"><testsuite name="pytest" errors="0" failures="0" skipped="0" tests="52" time="0.741" timestamp="2026-09-01T15:16:23.131092+00:00" hostname="agent-env-c83d22ac-dd9e-4d4e-bdce-33b50f5719e5"><testcase classname="tests.test_examinations_phase5.TestExaminationCRUD" name="test_list_examinations" time="0.088" /><testcase classname="tests.test_examinations_phase5.TestExaminationCRUD" name="test_list_filter_by_course_and_session" time="0.003" /><testcase classname="tests.test_examinations_phase5.TestExaminationCRUD" name="test_show_examination_returns_subjects" time="0.002" /><testcase classname="tests.test_examinations_phase5.TestExaminationCRUD" name="test_show_404" time="0.002" /><testcase classname="tests.test_examinations_phase5.TestExaminationCRUD" name="test_create_exam_session_mismatch_422" time="0.003" /><testcase classname="tests.test_examinations_phase5.TestExaminationCRUD" name="test_create_exam_missing_course_422" time="0.002" /><testcase classname="tests.test_examinations_phase5.TestExaminationCRUD" name="test_create_and_update_exam_and_code_autogen" time="0.021" /><testcase classname="tests.test_examinations_phase5.TestExaminationCRUD" name="test_delete_exam_with_dependents_409" time="0.002" /><testcase classname="tests.test_examinations_phase5.TestExaminationSubjects" name="test_list" time="0.002" /><testcase classname="tests.test_examinations_phase5.TestExaminationSubjects" name="test_duplicate_subject_409" time="0.002" /><testcase classname="tests.test_examinations_phase5.TestExaminationSubjects" name="test_pass_marks_gt_max_422" time="0.009" /><testcase classname="tests.test_examinations_phase5.TestExaminationSubjects" name="test_subject_from_wrong_course_422" time="0.002" /><testcase classname="tests.test_examinations_phase5.TestExaminationSubjects" name="test_delete_subject_with_marks_409" time="0.002" /><testcase classname="tests.test_examinations_phase5.TestExamRegistrations" name="test_list_registrations" time="0.002" /><testcase classname="tests.test_examinations_phase5.TestExamRegistrations" name="test_duplicate_registration_409" time="0.002" /><testcase classname="tests.test_examinations_phase5.TestExamRegistrations" name="test_registration_with_completed_enrollment_422" time="0.010" /><testcase classname="tests.test_examinations_phase5.TestExamRegistrations" name="test_registration_course_session_mismatch_422" time="0.010" /><testcase classname="tests.test_examinations_phase5.TestExamRegistrations" name="test_update_registration" time="0.003" /><testcase classname="tests.test_examinations_phase5.TestExamRegistrations" name="test_hall_ticket_assembly" time="0.003" /><testcase classname="tests.test_examinations_phase5.TestMarks" name="test_list_marks" time="0.002" /><testcase classname="tests.test_examinations_phase5.TestMarks" name="test_marks_out_of_range_422" time="0.002" /><testcase classname="tests.test_examinations_phase5.TestMarks" name="test_marks_negative_422" time="0.002" /><testcase classname="tests.test_examinations_phase5.TestMarks" name="test_marks_subject_not_in_exam_422" time="0.002" /><testcase classname="tests.test_examinations_phase5.TestMarks" name="test_marks_upsert_resets_verification" time="0.004" /><testcase classname="tests.test_examinations_phase5.TestMarks" name="test_marks_is_absent_flow" time="0.007" /><testcase classname="tests.test_examinations_phase5.TestMarks" name="test_marks_verify" time="0.005" /><testcase classname="tests.test_examinations_phase5.TestResults" name="test_compute_result_missing_marks_409" time="0.010" /><testcase classname="tests.test_examinations_phase5.TestResults" name="test_compute_recompute_and_result_state" time="0.003" /><testcase classname="tests.test_examinations_phase5.TestResults" name="test_publish_idempotency_409" time="0.002" /><testcase classname="tests.test_examinations_phase5.TestResults" name="test_list_results" time="0.002" /><testcase classname="tests.test_examinations_phase5.TestStudentSelfService" name="test_me_exam_registrations" time="0.085" /><testcase classname="tests.test_examinations_phase5.TestStudentSelfService" name="test_me_hall_ticket_own" time="0.003" /><testcase classname="tests.test_examinations_phase5.TestStudentSelfService" name="test_me_hall_ticket_other_404" time="0.002" /><testcase classname="tests.test_examinations_phase5.TestStudentSelfService" name="test_me_results_only_published" time="0.002" /><testcase classname="tests.test_examinations_phase5.TestStudentSelfService" name="test_me_results_show" time="0.002" /><testcase classname="tests.test_examinations_phase5.TestStudentSelfService" name="test_me_results_show_other_404" time="0.002" /><testcase classname="tests.test_examinations_phase5.TestStudentSelfService" name="test_unlinked_student_gets_403" time="0.088" /><testcase classname="tests.test_examinations_phase5.TestRBACAndCSRF" name="test_officer_forbidden_on_exam_manage" time="0.113" /><testcase classname="tests.test_examinations_phase5.TestRBACAndCSRF" name="test_student_forbidden_on_exam_manage" time="0.004" /><testcase classname="tests.test_examinations_phase5.TestRBACAndCSRF" name="test_unauthenticated_401" time="0.003" /><testcase classname="tests.test_examinations_phase5.TestRBACAndCSRF" name="test_csrf_missing_on_writes_403" time="0.005" /><testcase classname="tests.test_examinations_phase5.TestRBACAndCSRF" name="test_csrf_wrong_token_403" time="0.002" /><testcase classname="tests.test_examinations_phase5.TestRegression" name="test_auth_me" time="0.002" /><testcase classname="tests.test_examinations_phase5.TestRegression" name="test_courses_list" time="0.002" /><testcase classname="tests.test_examinations_phase5.TestRegression" name="test_institutions_list" time="0.002" /><testcase classname="tests.test_examinations_phase5.TestRegression" name="test_students_list" time="0.002" /><testcase classname="tests.test_examinations_phase5.TestRegression" name="test_enrollments_list" time="0.002" /><testcase classname="tests.test_examinations_phase5.TestRegression" name="test_admissions_list" time="0.002" /><testcase classname="tests.test_examinations_phase5.TestRegression" name="test_alice_me_student" time="0.002" /><testcase classname="tests.test_examinations_phase5.TestRegression" name="test_alice_me_enrollments" time="0.002" /><testcase classname="tests.test_examinations_phase5.TestRegression" name="test_officer_can_admissions" time="0.002" /><testcase classname="tests.test_examinations_phase5.TestRegression" name="test_logout" time="0.086" /></testsuite></testsuites>