<?xml version="1.0" encoding="utf-8"?><testsuites name="pytest tests"><testsuite name="pytest" errors="0" failures="0" skipped="0" tests="54" time="1.988" timestamp="2026-09-01T15:45:12.098871+00:00" hostname="agent-env-c83d22ac-dd9e-4d4e-bdce-33b50f5719e5"><testcase classname="tests.test_documents_phase6.TestDocumentTemplates" name="test_admin_lists_templates_all_8" time="0.142" /><testcase classname="tests.test_documents_phase6.TestDocumentTemplates" name="test_officer_gets_403" time="0.098" /><testcase classname="tests.test_documents_phase6.TestDocumentTemplates" name="test_alice_gets_403" time="0.097" /><testcase classname="tests.test_documents_phase6.TestDocumentTemplates" name="test_unauthenticated_gets_401" time="0.002" /><testcase classname="tests.test_documents_phase6.TestDocumentTemplates" name="test_certofficer_can_manage" time="0.095" /><testcase classname="tests.test_documents_phase6.TestDocumentTemplates" name="test_create_new_version_auto_increments" time="0.067" /><testcase classname="tests.test_documents_phase6.TestDocumentTemplates" name="test_delete_referenced_template_blocked_409" time="0.040" /><testcase classname="tests.test_documents_phase6.TestIssuanceAllTypes" name="test_certificate_requires_completed_enrollment" time="0.003" /><testcase classname="tests.test_documents_phase6.TestIssuanceAllTypes" name="test_certificate_ok" time="0.020" /><testcase classname="tests.test_documents_phase6.TestIssuanceAllTypes" name="test_diploma_ok" time="0.016" /><testcase classname="tests.test_documents_phase6.TestIssuanceAllTypes" name="test_degree_ok" time="0.015" /><testcase classname="tests.test_documents_phase6.TestIssuanceAllTypes" name="test_completion_letter_ok" time="0.015" /><testcase classname="tests.test_documents_phase6.TestIssuanceAllTypes" name="test_marksheet_ok" time="0.020" /><testcase classname="tests.test_documents_phase6.TestIssuanceAllTypes" name="test_marksheet_unpublished_blocked" time="0.032" /><testcase classname="tests.test_documents_phase6.TestIssuanceAllTypes" name="test_transcript_ok" time="0.028" /><testcase classname="tests.test_documents_phase6.TestIssuanceAllTypes" name="test_hall_ticket_reuses_number" time="0.045" /><testcase classname="tests.test_documents_phase6.TestIssuanceAllTypes" name="test_admission_letter_ok" time="0.019" /><testcase classname="tests.test_documents_phase6.TestIssuanceAllTypes" name="test_admission_letter_rejected_status_blocked" time="0.035" /><testcase classname="tests.test_documents_phase6.TestIssuanceAllTypes" name="test_transcript_unpublished_result_blocked" time="0.024" /><testcase classname="tests.test_documents_phase6.TestFilesAndQr" name="test_pdf_and_qr_exist_and_valid" time="0.029" /><testcase classname="tests.test_documents_phase6.TestDownload" name="test_staff_download_pdf" time="0.010" /><testcase classname="tests.test_documents_phase6.TestDownload" name="test_download_unauth_401" time="0.007" /><testcase classname="tests.test_documents_phase6.TestDownload" name="test_alice_self_service_download" time="0.008" /><testcase classname="tests.test_documents_phase6.TestDownload" name="test_unlinked_student_self_download_403" time="0.098" /><testcase classname="tests.test_documents_phase6.TestPublicVerification" name="test_verify_valid" time="0.019" /><testcase classname="tests.test_documents_phase6.TestPublicVerification" name="test_verify_not_found" time="0.017" /><testcase classname="tests.test_documents_phase6.TestPublicVerification" name="test_verification_logged" time="0.038" /><testcase classname="tests.test_documents_phase6.TestPublicVerification" name="test_verify_revoked_status_reason" time="0.039" /><testcase classname="tests.test_documents_phase6.TestPublicVerification" name="test_verify_superseded_points_to_replacement" time="0.044" /><testcase classname="tests.test_documents_phase6.TestPublicVerification" name="test_verify_rate_limit_429" time="0.137" /><testcase classname="tests.test_documents_phase6.TestImmutability" name="test_direct_update_of_snapshot_fails" time="0.026" /><testcase classname="tests.test_documents_phase6.TestImmutability" name="test_direct_update_of_doc_number_fails" time="0.026" /><testcase classname="tests.test_documents_phase6.TestImmutability" name="test_status_update_via_revoke_succeeds" time="0.031" /><testcase classname="tests.test_documents_phase6.TestLifecycle" name="test_reissue_hall_ticket_blocked" time="0.019" /><testcase classname="tests.test_documents_phase6.TestLifecycle" name="test_reissue_already_superseded_blocked" time="0.033" /><testcase classname="tests.test_documents_phase6.TestLifecycle" name="test_revoke_only_valid_docs" time="0.012" /><testcase classname="tests.test_documents_phase6.TestLifecycle" name="test_cancel_flow" time="0.035" /><testcase classname="tests.test_documents_phase6.TestSignatories" name="test_default_signatories_from_template" time="0.031" /><testcase classname="tests.test_documents_phase6.TestSignatories" name="test_explicit_signatories_override" time="0.016" /><testcase classname="tests.test_documents_phase6.TestSignatories" name="test_add_signatory_after_issue" time="0.020" /><testcase classname="tests.test_documents_phase6.TestConcurrentNumbering" name="test_5_concurrent_diplomas_unique_numbers" time="0.027" /><testcase classname="tests.test_documents_phase6.TestRBAC" name="test_officer_forbidden_on_documents_endpoints" time="0.039" /><testcase classname="tests.test_documents_phase6.TestRBAC" name="test_student_forbidden_on_staff_endpoints" time="0.006" /><testcase classname="tests.test_documents_phase6.TestRBAC" name="test_unauth_401" time="0.003" /><testcase classname="tests.test_documents_phase6.TestRBAC" name="test_missing_csrf_forbidden" time="0.024" /><testcase classname="tests.test_documents_phase6.TestRBAC" name="test_wrong_csrf_forbidden" time="0.003" /><testcase classname="tests.test_documents_phase6.TestRBAC" name="test_certofficer_can_issue_and_revoke" time="0.042" /><testcase classname="tests.test_documents_phase6.TestStudentSelfService" name="test_alice_sees_only_her_documents" time="0.018" /><testcase classname="tests.test_documents_phase6.TestStudentSelfService" name="test_unlinked_student_gets_403" time="0.002" /><testcase classname="tests.test_documents_phase6.TestPhotoSync" name="test_photo_upload_syncs_students_photo_path" time="0.074" /><testcase classname="tests.test_documents_phase6.TestRegressionSanity" name="test_phase2_login_still_works" time="0.094" /><testcase classname="tests.test_documents_phase6.TestRegressionSanity" name="test_phase3_courses_still_listable" time="0.006" /><testcase classname="tests.test_documents_phase6.TestRegressionSanity" name="test_phase4_students_still_listable" time="0.003" /><testcase classname="tests.test_documents_phase6.TestRegressionSanity" name="test_phase5_examinations_still_listable" time="0.003" /></testsuite></testsuites>