<?xml version="1.0" encoding="utf-8"?><testsuites name="pytest tests"><testsuite name="pytest" errors="0" failures="0" skipped="0" tests="32" time="1.225" timestamp="2026-09-01T14:37:56.338788+00:00" hostname="agent-env-c83d22ac-dd9e-4d4e-bdce-33b50f5719e5"><testcase classname="tests.test_academics_phase3.TestInstitutionsCrud" name="test_create_requires_fields_422" time="0.093" /><testcase classname="tests.test_academics_phase3.TestInstitutionsCrud" name="test_create_invalid_enum_422" time="0.004" /><testcase classname="tests.test_academics_phase3.TestInstitutionsCrud" name="test_create_and_get_list_filter" time="0.014" /><testcase classname="tests.test_academics_phase3.TestInstitutionsCrud" name="test_show_includes_courses_array" time="0.009" /><testcase classname="tests.test_academics_phase3.TestInstitutionsCrud" name="test_partial_update" time="0.012" /><testcase classname="tests.test_academics_phase3.TestInstitutionsCrud" name="test_delete_success_when_no_deps" time="0.015" /><testcase classname="tests.test_academics_phase3.TestCoursesCrud" name="test_create_requires_fields_422" time="0.007" /><testcase classname="tests.test_academics_phase3.TestCoursesCrud" name="test_create_invalid_enum_and_type" time="0.004" /><testcase classname="tests.test_academics_phase3.TestCoursesCrud" name="test_create_with_category_eligibility" time="0.008" /><testcase classname="tests.test_academics_phase3.TestCoursesCrud" name="test_list_filters" time="0.006" /><testcase classname="tests.test_academics_phase3.TestCoursesCrud" name="test_show_nested_arrays" time="0.006" /><testcase classname="tests.test_academics_phase3.TestCoursesCrud" name="test_partial_update" time="0.009" /><testcase classname="tests.test_academics_phase3.TestCoursesCrud" name="test_delete_blocked_by_dependents_409" time="0.010" /><testcase classname="tests.test_academics_phase3.TestCoursesCrud" name="test_delete_success_after_removing_deps" time="0.007" /><testcase classname="tests.test_academics_phase3.TestCourseSubjects" name="test_create_defaults" time="0.010" /><testcase classname="tests.test_academics_phase3.TestCourseSubjects" name="test_pass_gt_max_rejected" time="0.003" /><testcase classname="tests.test_academics_phase3.TestCourseSubjects" name="test_missing_required_422" time="0.002" /><testcase classname="tests.test_academics_phase3.TestCourseSubjects" name="test_list_and_update_and_delete" time="0.019" /><testcase classname="tests.test_academics_phase3.TestCourseSessions" name="test_create_requires_fields" time="0.009" /><testcase classname="tests.test_academics_phase3.TestCourseSessions" name="test_invalid_status_422" time="0.003" /><testcase classname="tests.test_academics_phase3.TestCourseSessions" name="test_create_list_update_delete" time="0.018" /><testcase classname="tests.test_academics_phase3.TestInstitutionCourseLinking" name="test_link_unlink_flow" time="0.055" /><testcase classname="tests.test_academics_phase3.TestInstitutionCourseLinking" name="test_institution_delete_cascades_link" time="0.024" /><testcase classname="tests.test_academics_phase3.TestRBAC" name="test_admin_officer_get_institutions" time="0.092" /><testcase classname="tests.test_academics_phase3.TestRBAC" name="test_officer_forbidden_courses" time="0.004" /><testcase classname="tests.test_academics_phase3.TestRBAC" name="test_officer_forbidden_sessions" time="0.007" /><testcase classname="tests.test_academics_phase3.TestRBAC" name="test_examination_officer_courses_and_sessions_ok_but_institutions_forbidden" time="0.259" /><testcase classname="tests.test_academics_phase3.TestCSRF" name="test_missing_csrf_on_write_403" time="0.003" /><testcase classname="tests.test_academics_phase3.TestCSRF" name="test_wrong_csrf_on_write_403" time="0.002" /><testcase classname="tests.test_academics_phase3.TestCSRF" name="test_missing_csrf_on_subject_write_403" time="0.007" /><testcase classname="tests.test_academics_phase3.TestCSRF" name="test_missing_csrf_on_link_403" time="0.008" /><testcase classname="tests.test_academics_phase3.TestAuditLog" name="test_actions_recorded" time="0.379" /></testsuite></testsuites>