<?xml version="1.0" encoding="utf-8"?><testsuites name="pytest tests"><testsuite name="pytest" errors="0" failures="0" skipped="0" tests="21" time="3.111" timestamp="2026-09-01T14:23:26.690012+00:00" hostname="agent-env-c83d22ac-dd9e-4d4e-bdce-33b50f5719e5"><testcase classname="tests.test_auth_phase2.TestLoginSuccess" name="test_login_super_admin_returns_200_and_sets_cookie" time="0.068" /><testcase classname="tests.test_auth_phase2.TestLoginSuccess" name="test_login_wrong_password_returns_401_generic" time="0.065" /><testcase classname="tests.test_auth_phase2.TestLoginSuccess" name="test_login_nonexistent_email_same_error" time="0.004" /><testcase classname="tests.test_auth_phase2.TestRateLimit" name="test_rate_limit_returns_429_after_5_fails" time="0.017" /><testcase classname="tests.test_auth_phase2.TestAccountLockout" name="test_locked_until_set_after_repeated_failures" time="0.372" /><testcase classname="tests.test_auth_phase2.TestMeEndpoint" name="test_me_without_cookie_401" time="0.002" /><testcase classname="tests.test_auth_phase2.TestMeEndpoint" name="test_me_with_cookie_returns_user_permissions_csrf" time="0.076" /><testcase classname="tests.test_auth_phase2.TestSessionRegeneration" name="test_new_session_token_issued_on_login" time="0.076" /><testcase classname="tests.test_auth_phase2.TestSessionExpiry" name="test_expired_session_returns_401_and_gets_deleted" time="0.125" /><testcase classname="tests.test_auth_phase2.TestSessionExpiry" name="test_sliding_expiration_extends_expires_at" time="1.315" /><testcase classname="tests.test_auth_phase2.TestLogoutCsrf" name="test_logout_without_csrf_403" time="0.078" /><testcase classname="tests.test_auth_phase2.TestLogoutCsrf" name="test_logout_wrong_csrf_403" time="0.077" /><testcase classname="tests.test_auth_phase2.TestLogoutCsrf" name="test_logout_with_csrf_success_and_session_destroyed" time="0.078" /><testcase classname="tests.test_auth_phase2.TestRBAC" name="test_admin_only_super_admin_200" time="0.078" /><testcase classname="tests.test_auth_phase2.TestRBAC" name="test_admin_only_student_403" time="0.076" /><testcase classname="tests.test_auth_phase2.TestRBAC" name="test_admin_only_officer_403" time="0.078" /><testcase classname="tests.test_auth_phase2.TestRBAC" name="test_students_view_officer_200" time="0.076" /><testcase classname="tests.test_auth_phase2.TestRBAC" name="test_students_view_admin_200" time="0.076" /><testcase classname="tests.test_auth_phase2.TestRBAC" name="test_students_view_student_403" time="0.075" /><testcase classname="tests.test_auth_phase2.TestAuditLog" name="test_audit_rows_created_for_login_failed_logout" time="0.168" /><testcase classname="tests.test_auth_phase2.TestBootstrapIdempotent" name="test_bootstrap_second_run_no_new_user" time="0.049" /></testsuite></testsuites>